<?xml version="1.0" encoding="UTF-8"?>
<testsuite xmlns:xsi="http://www.w3.org/2001/XMLSchema-instance" xsi:noNamespaceSchemaLocation="https://maven.apache.org/surefire/maven-surefire-plugin/xsd/surefire-test-report.xsd" name="com.whyte.accela.PersonApiDataApplicationTest" time="13.096" tests="3" errors="0" skipped="0" failures="0">
  <properties>
[...]
</properties>
  <testcase name="addPerson" classname="com.whyte.accela.PersonApiDataApplicationTest" time="0.83"/>
  <testcase name="checkPersonTotalAfter" classname="com.whyte.accela.PersonApiDataApplicationTest" time="0.424"/>
  <testcase name="contextLoads" classname="com.whyte.accela.PersonApiDataApplicationTest" time="0.109"/>
</testsuite>